#
# A fatal error has been detected by the Java Runtime Environment:
#
#  EXCEPTION_ACCESS_VIOLATION (0xc0000005) at pc=0x0000000053c377a4, pid=5016, tid=0x00000000000009b0
#
# JRE version: OpenJDK Runtime Environment (8.0_292-b10) (build 1.8.0_292-b10)
# Java VM: OpenJDK 64-Bit Server VM (25.292-b10 mixed mode windows-amd64 compressed oops)
# Problematic frame:
# V  [jvm.dll+0xd77a4]
#
# Failed to write core dump. Minidumps are not enabled by default on client versions of Windows
#
# If you would like to submit a bug report, please visit:
#   https://github.com/ojdkbuild/ojdkbuild/issues
#

---------------  T H R E A D  ---------------

Current thread (0x000000001d724800):  VMThread [stack: 0x000000001e850000,0x000000001e950000] [id=2480]

siginfo: ExceptionCode=0xc0000005, reading address 0x000000001c3ce578

Registers:
RAX=0x00000000001480c0, RBX=0x000000001c285fb0, RCX=0x000000001c2864a8, RDX=0x000000000000a406
RSP=0x000000001e94f198, RBP=0x000000000000002f, RSI=0x000000001e94f480, RDI=0x000000001e94f480
R8 =0x0000000000000000, R9 =0x000000001c285fb0, R10=0x000000000000a406, R11=0x000000001c2863af
R12=0x0000000000000001, R13=0x0000000000000001, R14=0x00000000000003d8, R15=0x000000001e94f2a0
RIP=0x0000000053c377a4, EFLAGS=0x0000000000010206

Top of Stack: (sp=0x000000001e94f198)
0x000000001e94f198:   0000000053c3f73c 000000001e94f480
0x000000001e94f1a8:   0000000002a6f1a0 000000001e94f550
0x000000001e94f1b8:   0000000053aa20da 0000000002d3eb90
0x000000001e94f1c8:   0000000053c3e922 000000001e94f480
0x000000001e94f1d8:   000000001e94f240 000063bb0db2344b
0x000000001e94f1e8:   0000000053c3fd52 000000001e94f2b0
0x000000001e94f1f8:   0000000000000001 000000001e94f2c0
0x000000001e94f208:   000000001e94f480 000000001e94f2f0
0x000000001e94f218:   0000000053c42980 000000000000002f
0x000000001e94f228:   000000000000002f 000000000000004b
0x000000001e94f238:   0000000053c3fbd6 000000000000002f
0x000000001e94f248:   000000001e94f2f0 000000001e94f2b0
0x000000001e94f258:   000000000000004b 000000001c286418
0x000000001e94f268:   0000000053c434df 000000001e94f480
0x000000001e94f278:   000000001e94f2f0 0000000002d3eb90
0x000000001e94f288:   000000001c286418 0000000000000003 

Instructions: (pc=0x0000000053c377a4)
0x0000000053c37784:   18 f7 d2 48 63 c2 48 c1 e0 05 48 8b 44 08 10 0f
0x0000000053c37794:   b7 c0 41 0f b7 44 c1 52 c3 48 63 c2 48 c1 e0 05
0x0000000053c377a4:   48 8b 44 08 10 0f b7 d0 48 63 c2 41 0f b7 44 c1
0x0000000053c377b4:   52 c3 49 8b 41 08 48 63 ca 0f b6 44 08 04 3c 12 


Register to memory mapping:

RAX=0x00000000001480c0 is an unknown value
RBX=0x000000001c285fb0 is pointing into metadata
RCX=0x000000001c2864a8 is pointing into metadata
RDX=0x000000000000a406 is an unknown value
RSP=0x000000001e94f198 is an unknown value
RBP=0x000000000000002f is an unknown value
RSI=0x000000001e94f480 is an unknown value
RDI=0x000000001e94f480 is an unknown value
R8 =0x0000000000000000 is an unknown value
R9 =0x000000001c285fb0 is pointing into metadata
R10=0x000000000000a406 is an unknown value
R11=0x000000001c2863af is pointing into metadata
R12=0x0000000000000001 is an unknown value
R13=0x0000000000000001 is an unknown value
R14=0x00000000000003d8 is an unknown value
R15=0x000000001e94f2a0 is an unknown value


Stack: [0x000000001e850000,0x000000001e950000],  sp=0x000000001e94f198,  free space=1020k
Native frames: (J=compiled Java code, j=interpreted, Vv=VM code, C=native code)
V  [jvm.dll+0xd77a4]

VM_Operation (0x000000001ee4f230): GetOrSetLocal, mode: safepoint, requested by thread 0x000000001d7ae000


---------------  P R O C E S S  ---------------

Java Threads: ( => current thread )
  0x000000001d90c000 JavaThread "Service Thread" daemon [_thread_blocked, id=8484, stack(0x000000001f450000,0x000000001f550000)]
  0x000000001d8e7800 JavaThread "C1 CompilerThread3" daemon [_thread_blocked, id=3544, stack(0x000000001f350000,0x000000001f450000)]
  0x000000001d8e1000 JavaThread "C2 CompilerThread2" daemon [_thread_blocked, id=6496, stack(0x000000001f250000,0x000000001f350000)]
  0x000000001d8f3000 JavaThread "C2 CompilerThread1" daemon [_thread_blocked, id=32, stack(0x000000001f150000,0x000000001f250000)]
  0x000000001d8f1800 JavaThread "C2 CompilerThread0" daemon [_thread_blocked, id=11196, stack(0x000000001f050000,0x000000001f150000)]
  0x000000001d7cb000 JavaThread "JDWP Command Reader" daemon [_thread_in_native, id=8448, stack(0x000000001ef50000,0x000000001f050000)]
  0x000000001d7c8800 JavaThread "JDWP Event Helper Thread" daemon [_thread_blocked, id=4132, stack(0x000000001ee50000,0x000000001ef50000)]
  0x000000001d7ae000 JavaThread "JDWP Transport Listener: dt_socket" daemon [_thread_blocked, id=2488, stack(0x000000001ed50000,0x000000001ee50000)]
  0x000000001d79c800 JavaThread "Attach Listener" daemon [_thread_blocked, id=10580, stack(0x000000001ec50000,0x000000001ed50000)]
  0x000000001d79b800 JavaThread "Signal Dispatcher" daemon [_thread_blocked, id=10584, stack(0x000000001eb50000,0x000000001ec50000)]
  0x000000001d72f000 JavaThread "Finalizer" daemon [_thread_blocked, id=9868, stack(0x000000001ea50000,0x000000001eb50000)]
  0x000000001d728000 JavaThread "Reference Handler" daemon [_thread_blocked, id=3252, stack(0x000000001e950000,0x000000001ea50000)]
  0x00000000025fa800 JavaThread "main" [_thread_blocked, id=2060, stack(0x0000000002970000,0x0000000002a70000)]

Other Threads:
=>0x000000001d724800 VMThread [stack: 0x000000001e850000,0x000000001e950000] [id=2480]
  0x000000001d90d000 WatcherThread [stack: 0x000000001f550000,0x000000001f650000] [id=5688]

VM state:at safepoint (normal execution)

VM Mutex/Monitor currently owned by a thread:  ([mutex/lock_event])
[0x0000000002cb50e0] Threads_lock - owner thread: 0x000000001d724800

heap address: 0x00000006c1e00000, size: 4066 MB, Compressed Oops mode: Zero based, Oop shift amount: 3
Narrow klass base: 0x0000000000000000, Narrow klass shift: 3
Compressed class space size: 1073741824 Address: 0x00000007c0000000

Heap:
 PSYoungGen      total 76288K, used 9202K [0x000000076b500000, 0x0000000770a00000, 0x00000007c0000000)
  eden space 65536K, 14% used [0x000000076b500000,0x000000076bdfcaf8,0x000000076f500000)
  from space 10752K, 0% used [0x000000076ff80000,0x000000076ff80000,0x0000000770a00000)
  to   space 10752K, 0% used [0x000000076f500000,0x000000076f500000,0x000000076ff80000)
 ParOldGen       total 175104K, used 0K [0x00000006c1e00000, 0x00000006cc900000, 0x000000076b500000)
  object space 175104K, 0% used [0x00000006c1e00000,0x00000006c1e00000,0x00000006cc900000)
 Metaspace       used 5683K, capacity 5790K, committed 6016K, reserved 1056768K
  class space    used 541K, capacity 565K, committed 640K, reserved 1048576K

Card table byte_map: [0x0000000012130000,0x0000000012930000] byte_map_base: 0x000000000eb21000

Marking Bits: (ParMarkBitMap*) 0x00000000544020a0
 Begin Bits: [0x0000000013680000, 0x0000000017608000)
 End Bits:   [0x0000000017608000, 0x000000001b590000)

Polling page: 0x0000000002520000

CodeCache: size=245760Kb used=1355Kb max_used=1357Kb free=244404Kb
 bounds [0x0000000002d70000, 0x0000000002fe0000, 0x0000000011d70000]
 total_blobs=416 nmethods=125 adapters=211
 compilation: enabled

Compilation events (240 events):
Event: 0.274 Thread 0x000000001d8e7800    2   !   3       sun.instrument.TransformerManager::transform (98 bytes)
Event: 0.275 Thread 0x000000001d8e7800 nmethod 2 0x0000000002e78850 code [0x0000000002e789e0, 0x0000000002e78ea8]
Event: 0.275 Thread 0x000000001d8e7800    1       3       sun.instrument.InstrumentationImpl::transform (38 bytes)
Event: 0.275 Thread 0x000000001d8e7800 nmethod 1 0x0000000002e76d10 code [0x0000000002e76e80, 0x0000000002e77128]
Event: 0.275 Thread 0x000000001d8e7800    3       1       sun.instrument.TransformerManager::getSnapshotTransformerList (5 bytes)
Event: 0.275 Thread 0x000000001d8e7800 nmethod 3 0x0000000002e76a50 code [0x0000000002e76ba0, 0x0000000002e76cb0]
Event: 0.275 Thread 0x000000001d8e7800    4       3       java.lang.System::getSecurityManager (4 bytes)
Event: 0.275 Thread 0x000000001d8e7800 nmethod 4 0x0000000002e76510 code [0x0000000002e76660, 0x0000000002e767b0]
Event: 0.276 Thread 0x000000001d8e7800    6       3       java.lang.String::equals (81 bytes)
Event: 0.276 Thread 0x000000001d8e7800 nmethod 6 0x0000000002e77b50 code [0x0000000002e77ce0, 0x0000000002e78250]
Event: 0.277 Thread 0x000000001d8f1800    5 %     4       java.lang.String::hashCode @ 24 (55 bytes)
Event: 0.277 Thread 0x000000001d8f3000    7       4       java.lang.String::charAt (29 bytes)
Event: 0.277 Thread 0x000000001d8e7800    9  s    3       java.lang.StringBuffer::append (13 bytes)
Event: 0.277 Thread 0x000000001d8e1000    8       4       java.lang.AbstractStringBuilder::ensureCapacityInternal (27 bytes)
Event: 0.278 Thread 0x000000001d8e7800 nmethod 9 0x0000000002e79f10 code [0x0000000002e7a0c0, 0x0000000002e7a7f8]
Event: 0.278 Thread 0x000000001d8e7800   14       2       java.lang.AbstractStringBuilder::append (29 bytes)
Event: 0.278 Thread 0x000000001d8e7800 nmethod 14 0x0000000002e83b50 code [0x0000000002e83cc0, 0x0000000002e84038]
Event: 0.278 Thread 0x000000001d8e7800   10       3       java.io.WinNTFileSystem::isSlash (18 bytes)
Event: 0.278 Thread 0x000000001d8e7800 nmethod 10 0x0000000002e79710 code [0x0000000002e79860, 0x0000000002e79a50]
Event: 0.278 Thread 0x000000001d8e7800   12       3       sun.nio.fs.WindowsPathParser::isInvalidPathChar (22 bytes)
Event: 0.278 Thread 0x000000001d8e7800 nmethod 12 0x0000000002e83590 code [0x0000000002e83700, 0x0000000002e83a68]
Event: 0.278 Thread 0x000000001d8e7800   18       3       java.lang.String::indexOf (166 bytes)
Event: 0.278 Thread 0x000000001d8f3000 nmethod 7 0x0000000002e83250 code [0x0000000002e833a0, 0x0000000002e83498]
Event: 0.278 Thread 0x000000001d8f3000   11       4       java.lang.String::indexOf (70 bytes)
Event: 0.278 Thread 0x000000001d8e7800 nmethod 18 0x0000000002e86410 code [0x0000000002e865c0, 0x0000000002e86c10]
Event: 0.278 Thread 0x000000001d8e7800   20       3       java.lang.String::lastIndexOf (52 bytes)
Event: 0.278 Thread 0x000000001d8e7800 nmethod 20 0x0000000002e85d50 code [0x0000000002e85ee0, 0x0000000002e86288]
Event: 0.278 Thread 0x000000001d8e7800   31       3       sun.security.provider.SHA2::implCompress0 (322 bytes)
Event: 0.279 Thread 0x000000001d8e7800 nmethod 31 0x0000000002e87010 code [0x0000000002e87260, 0x0000000002e88030]
Event: 0.279 Thread 0x000000001d8e7800   32       3       java.util.Objects::requireNonNull (14 bytes)
Event: 0.279 Thread 0x000000001d8e7800 nmethod 32 0x0000000002e858d0 code [0x0000000002e85a40, 0x0000000002e85c68]
Event: 0.279 Thread 0x000000001d8e7800   19       3       java.lang.AbstractStringBuilder::newCapacity (39 bytes)
Event: 0.279 Thread 0x000000001d8e7800 nmethod 19 0x0000000002e85190 code [0x0000000002e85320, 0x0000000002e85728]
Event: 0.279 Thread 0x000000001d8e7800   33       3       sun.security.provider.ByteArrayAccess::b2iBig64 (614 bytes)
Event: 0.280 Thread 0x000000001d8f1800 nmethod 5% 0x0000000002e84b90 code [0x0000000002e84ce0, 0x0000000002e84fd8]
Event: 0.280 Thread 0x000000001d8f1800   22       4       sun.security.provider.SHA2::lf_delta1 (21 bytes)
Event: 0.280 Thread 0x000000001d8f1800 nmethod 22 0x0000000002e88fd0 code [0x0000000002e89100, 0x0000000002e89158]
Event: 0.280 Thread 0x000000001d8f1800   23       4       sun.security.provider.SHA2::lf_delta0 (20 bytes)
Event: 0.280 Thread 0x000000001d8e7800 nmethod 33 0x0000000002e8a850 code [0x0000000002e8aa80, 0x0000000002e8b828]
Event: 0.280 Thread 0x000000001d8e7800   34       3       sun.security.provider.SHA2::implCompress (13 bytes)
Event: 0.280 Thread 0x000000001d8f1800 nmethod 23 0x0000000002e82c90 code [0x0000000002e82dc0, 0x0000000002e82e18]
Event: 0.280 Thread 0x000000001d8f1800   36 %     4       sun.security.provider.SHA2::implCompress0 @ 133 (322 bytes)
Event: 0.280 Thread 0x000000001d8e1000 nmethod 8 0x0000000002e84610 code [0x0000000002e84760, 0x0000000002e84a08]
Event: 0.280 Thread 0x000000001d8e7800 nmethod 34 0x0000000002e8fd50 code [0x0000000002e8ff00, 0x0000000002e902a8]
Event: 0.280 Thread 0x000000001d8e7800   35       3       sun.security.provider.SHA2::implCompressCheck (15 bytes)
Event: 0.280 Thread 0x000000001d8e1000   30       4       java.lang.Integer::reverseBytes (26 bytes)
Event: 0.280 Thread 0x000000001d8f3000 nmethod 11 0x0000000002e8e010 code [0x0000000002e8e160, 0x0000000002e8e338]
Event: 0.280 Thread 0x000000001d8f3000   16       4       java.lang.String::length (6 bytes)
Event: 0.280 Thread 0x000000001d8e7800 nmethod 35 0x0000000002e8a250 code [0x0000000002e8a3e0, 0x0000000002e8a6d8]
Event: 0.280 Thread 0x000000001d8e7800   15       3       java.util.LinkedHashMap::get (33 bytes)
Event: 0.280 Thread 0x000000001d8e1000 nmethod 30 0x0000000002e82a90 code [0x0000000002e82bc0, 0x0000000002e82c38]
Event: 0.280 Thread 0x000000001d8e1000   24       4       sun.security.provider.SHA2::lf_S (11 bytes)
Event: 0.280 Thread 0x000000001d8e7800 nmethod 15 0x0000000002e89a10 code [0x0000000002e89ba0, 0x0000000002e8a0a8]
Event: 0.281 Thread 0x000000001d8e1000 nmethod 24 0x0000000002e84450 code [0x0000000002e84580, 0x0000000002e845b8]
Event: 0.281 Thread 0x000000001d8e1000   25       4       sun.security.provider.SHA2::lf_R (4 bytes)
Event: 0.281 Thread 0x000000001d8f3000 nmethod 16 0x0000000002e89790 code [0x0000000002e898c0, 0x0000000002e89958]
Event: 0.281 Thread 0x000000001d8f3000   26       4       sun.security.provider.SHA2::lf_sigma1 (21 bytes)
Event: 0.281 Thread 0x000000001d8e1000 nmethod 25 0x0000000002e8e690 code [0x0000000002e8e7c0, 0x0000000002e8e7f8]
Event: 0.281 Thread 0x000000001d8e1000   27       4       sun.security.provider.SHA2::lf_ch (10 bytes)
Event: 0.281 Thread 0x000000001d8f3000 nmethod 26 0x0000000002e8e450 code [0x0000000002e8e580, 0x0000000002e8e5d8]
Event: 0.281 Thread 0x000000001d8f3000   28       4       sun.security.provider.SHA2::lf_sigma0 (20 bytes)
Event: 0.281 Thread 0x000000001d8e1000 nmethod 27 0x0000000002e89590 code [0x0000000002e896c0, 0x0000000002e89718]
Event: 0.281 Thread 0x000000001d8e1000   29       4       sun.security.provider.SHA2::lf_maj (12 bytes)
Event: 0.281 Thread 0x000000001d8f3000 nmethod 28 0x0000000002e89390 code [0x0000000002e894c0, 0x0000000002e89518]
Event: 0.281 Thread 0x000000001d8e1000 nmethod 29 0x0000000002e8c910 code [0x0000000002e8ca40, 0x0000000002e8ca98]
Event: 0.281 Thread 0x000000001d8f3000   13       4       java.lang.Object::<init> (1 bytes)
Event: 0.281 Thread 0x000000001d8f3000 nmethod 13 0x0000000002e8c6d0 code [0x0000000002e8c800, 0x0000000002e8c898]
Event: 0.283 Thread 0x000000001d8e7800   37       3       java.util.concurrent.ConcurrentHashMap::tabAt (21 bytes)
Event: 0.283 Thread 0x000000001d8e7800 nmethod 37 0x0000000002e8bed0 code [0x0000000002e8c020, 0x0000000002e8c250]
Event: 0.285 Thread 0x000000001d8e7800   39       3       java.lang.String::startsWith (72 bytes)
Event: 0.285 Thread 0x000000001d8e1000   41       4       java.lang.Math::min (11 bytes)
Event: 0.285 Thread 0x000000001d8e7800 nmethod 39 0x0000000002e8d310 code [0x0000000002e8d480, 0x0000000002e8d7b0]
Event: 0.285 Thread 0x000000001d8e7800   40       3       java.lang.String::indexOf (25 bytes)
Event: 0.285 Thread 0x000000001d8f3000   43       4       java.lang.String::hashCode (55 bytes)
Event: 0.285 Thread 0x000000001d8e7800 nmethod 40 0x0000000002e8ced0 code [0x0000000002e8d040, 0x0000000002e8d208]
Event: 0.285 Thread 0x000000001d8e7800   42       3       java.lang.Character::toLowerCase (6 bytes)
Event: 0.285 Thread 0x000000001d8e1000 nmethod 41 0x0000000002e8ccd0 code [0x0000000002e8ce00, 0x0000000002e8ce58]
Event: 0.285 Thread 0x000000001d8e7800 nmethod 42 0x0000000002e8f810 code [0x0000000002e8f980, 0x0000000002e8fc18]
Event: 0.285 Thread 0x000000001d8e1000   44       4       java.lang.String::indexOf (7 bytes)
Event: 0.285 Thread 0x000000001d8e7800   46       3       java.lang.String::startsWith (7 bytes)
Event: 0.286 Thread 0x000000001d8e7800 nmethod 46 0x0000000002e8f3d0 code [0x0000000002e8f540, 0x0000000002e8f768]
Event: 0.286 Thread 0x000000001d8e7800   45       3       java.lang.String::<init> (10 bytes)
Event: 0.286 Thread 0x000000001d8e7800 nmethod 45 0x0000000002e8f010 code [0x0000000002e8f160, 0x0000000002e8f330]
Event: 0.286 Thread 0x000000001d8e7800   49       3       java.util.HashMap::get (23 bytes)
Event: 0.286 Thread 0x000000001d8e7800 nmethod 49 0x0000000002e8e850 code [0x0000000002e8e9e0, 0x0000000002e8edf8]
Event: 0.287 Thread 0x000000001d8e1000 nmethod 44 0x0000000002e93350 code [0x0000000002e934a0, 0x0000000002e93638]
Event: 0.287 Thread 0x000000001d8e1000   47       4       java.lang.CharacterData::of (120 bytes)
Event: 0.287 Thread 0x000000001d8f3000 nmethod 43 0x0000000002e93750 code [0x0000000002e93880, 0x0000000002e93a18]
Event: 0.287 Thread 0x000000001d8e1000 nmethod 47 0x0000000002e93ad0 code [0x0000000002e93c00, 0x0000000002e93c78]
Event: 0.287 Thread 0x000000001d8e1000   48       4       java.lang.CharacterDataLatin1::getProperties (11 bytes)
Event: 0.287 Thread 0x000000001d8e7800   50       3       java.lang.AbstractStringBuilder::append (50 bytes)
Event: 0.287 Thread 0x000000001d8f3000   51       4       java.lang.Character::toUpperCaseEx (30 bytes)
Event: 0.287 Thread 0x000000001d8e1000 nmethod 48 0x0000000002e91490 code [0x0000000002e915c0, 0x0000000002e91658]
Event: 0.287 Thread 0x000000001d8e1000   52       4       java.lang.CharacterDataLatin1::toUpperCaseEx (71 bytes)
Event: 0.288 Thread 0x000000001d8e7800 nmethod 50 0x0000000002e90850 code [0x0000000002e90a20, 0x0000000002e91178]
Event: 0.288 Thread 0x000000001d8e7800   54       1       java.net.URL::getRef (5 bytes)
Event: 0.288 Thread 0x000000001d8e7800 nmethod 54 0x0000000002e904d0 code [0x0000000002e90620, 0x0000000002e90730]
Event: 0.288 Thread 0x000000001d8e7800   55       1       java.util.ArrayList::size (5 bytes)
Event: 0.288 Thread 0x000000001d8e7800 nmethod 55 0x0000000002e92550 code [0x0000000002e926a0, 0x0000000002e927b0]
Event: 0.288 Thread 0x000000001d8f1800 nmethod 36% 0x0000000002e97950 code [0x0000000002e97ac0, 0x0000000002e98858]
Event: 0.288 Thread 0x000000001d8f3000 nmethod 51 0x0000000002e92210 code [0x0000000002e92340, 0x0000000002e92418]
Event: 0.288 Thread 0x000000001d8e1000 nmethod 52 0x0000000002e91f10 code [0x0000000002e92040, 0x0000000002e92138]
Event: 0.288 Thread 0x000000001d8f1800   56       4       sun.security.provider.SHA2::implCompress0 (322 bytes)
Event: 0.289 Thread 0x000000001d8e7800   58       3       java.lang.String::replace (127 bytes)
Event: 0.289 Thread 0x000000001d8e7800 nmethod 58 0x0000000002e9ad10 code [0x0000000002e9aec0, 0x0000000002e9b570]
Event: 0.289 Thread 0x000000001d8e7800   62       3       java.util.Arrays::copyOfRange (63 bytes)
Event: 0.289 Thread 0x000000001d8e7800 nmethod 62 0x0000000002e999d0 code [0x0000000002e99be0, 0x0000000002e9a758]
Event: 0.289 Thread 0x000000001d8e7800   59       3       java.lang.String::<init> (82 bytes)
Event: 0.290 Thread 0x000000001d8e7800 nmethod 59 0x0000000002e98f90 code [0x0000000002e99160, 0x0000000002e99698]
Event: 0.290 Thread 0x000000001d8e7800   61       3       java.lang.String::getChars (62 bytes)
Event: 0.290 Thread 0x000000001d8e7800 nmethod 61 0x0000000002e97010 code [0x0000000002e971e0, 0x0000000002e97698]
Event: 0.290 Thread 0x000000001d8e7800   57       3       java.lang.StringBuilder::toString (17 bytes)
Event: 0.290 Thread 0x000000001d8e7800 nmethod 57 0x0000000002e96bd0 code [0x0000000002e96d40, 0x0000000002e96f48]
Event: 0.290 Thread 0x000000001d8e7800   63       3       sun.reflect.ClassFileAssembler::emitByte (11 bytes)
Event: 0.290 Thread 0x000000001d8e7800 nmethod 63 0x0000000002e96790 code [0x0000000002e96900, 0x0000000002e96ae8]
Event: 0.290 Thread 0x000000001d8e7800   64       3       sun.reflect.ByteVectorImpl::add (38 bytes)
Event: 0.290 Thread 0x000000001d8e7800 nmethod 64 0x0000000002e962d0 code [0x0000000002e96440, 0x0000000002e96668]
Event: 0.290 Thread 0x000000001d8e7800   60       1       java.net.URL::getFile (5 bytes)
Event: 0.290 Thread 0x000000001d8e7800 nmethod 60 0x0000000002e98c50 code [0x0000000002e98da0, 0x0000000002e98eb0]
Event: 0.293 Thread 0x000000001d8e7800   65       3       java.util.zip.ZStreamRef::address (5 bytes)
Event: 0.293 Thread 0x000000001d8e7800 nmethod 65 0x0000000002e917d0 code [0x0000000002e91920, 0x0000000002e91a70]
Event: 0.294 Thread 0x000000001d8e7800   66       3       java.lang.StringBuilder::append (8 bytes)
Event: 0.294 Thread 0x000000001d8e7800 nmethod 66 0x0000000002e95f10 code [0x0000000002e96080, 0x0000000002e96228]
Event: 0.294 Thread 0x000000001d8e7800   67       3       java.lang.String::endsWith (17 bytes)
Event: 0.294 Thread 0x000000001d8e7800 nmethod 67 0x0000000002e95a50 code [0x0000000002e95bc0, 0x0000000002e95e08]
Event: 0.294 Thread 0x000000001d8e7800   68       3       java.util.HashMap::resize (359 bytes)
Event: 0.295 Thread 0x000000001d8e7800 nmethod 68 0x0000000002e9b950 code [0x0000000002e9bba0, 0x0000000002e9ce68]
Event: 0.295 Thread 0x000000001d8e7800   71       3       java.io.WinNTFileSystem::normalize (143 bytes)
Event: 0.295 Thread 0x000000001d8e7800 nmethod 71 0x0000000002e94810 code [0x0000000002e94a00, 0x0000000002e95288]
Event: 0.295 Thread 0x000000001d8e7800   70       3       java.util.Arrays::equals (54 bytes)
Event: 0.295 Thread 0x000000001d8e7800 nmethod 70 0x0000000002e94210 code [0x0000000002e94380, 0x0000000002e946f0]
Event: 0.295 Thread 0x000000001d8e7800   72  s    3       java.util.Vector::addElement (38 bytes)
Event: 0.296 Thread 0x000000001d8e7800 nmethod 72 0x0000000002e9d690 code [0x0000000002e9d820, 0x0000000002e9dd68]
Event: 0.296 Thread 0x000000001d8e7800   76       3       java.lang.String::substring (79 bytes)
Event: 0.296 Thread 0x000000001d8e7800 nmethod 76 0x0000000002e9df90 code [0x0000000002e9e160, 0x0000000002e9e658]
Event: 0.296 Thread 0x000000001d8e7800   73       3       java.util.ArrayList::rangeCheck (22 bytes)
Event: 0.296 Thread 0x000000001d8e7800 nmethod 73 0x0000000002e9e910 code [0x0000000002e9eb20, 0x0000000002e9f5d8]
Event: 0.296 Thread 0x000000001d8e7800   74       3       java.util.ArrayList::elementData (7 bytes)
Event: 0.296 Thread 0x000000001d8e7800 nmethod 74 0x0000000002e9fbd0 code [0x0000000002e9fd20, 0x0000000002e9feb0]
Event: 0.296 Thread 0x000000001d8e7800   75       3       java.util.ArrayList::get (11 bytes)
Event: 0.297 Thread 0x000000001d8e7800 nmethod 75 0x0000000002e9ff90 code [0x0000000002ea0120, 0x0000000002ea04d8]
Event: 0.297 Thread 0x000000001d8e7800   81       3       java.lang.AbstractStringBuilder::<init> (12 bytes)
Event: 0.297 Thread 0x000000001d8e7800 nmethod 81 0x0000000002ea0750 code [0x0000000002ea08c0, 0x0000000002ea0b10]
Event: 0.297 Thread 0x000000001d8e7800   78       3       java.lang.Math::max (11 bytes)
Event: 0.297 Thread 0x000000001d8e7800 nmethod 78 0x0000000002ea0bd0 code [0x0000000002ea0d20, 0x0000000002ea0eb0]
Event: 0.297 Thread 0x000000001d8e7800   77       3       java.lang.String::indexOf (7 bytes)
Event: 0.297 Thread 0x000000001d8e7800 nmethod 77 0x0000000002ea0f10 code [0x0000000002ea1080, 0x0000000002ea1328]
Event: 0.297 Thread 0x000000001d8e7800   79       1       java.net.URL::getProtocol (5 bytes)
Event: 0.297 Thread 0x000000001d8e7800 nmethod 79 0x0000000002e93d10 code [0x0000000002e93e60, 0x0000000002e93f70]
Event: 0.297 Thread 0x000000001d8e7800   80       1       java.net.URL::getQuery (5 bytes)
Event: 0.297 Thread 0x000000001d8e7800 nmethod 80 0x0000000002ea1490 code [0x0000000002ea15e0, 0x0000000002ea16f0]
Event: 0.297 Thread 0x000000001d8e7800   82       1       java.net.URL::getHost (5 bytes)
Event: 0.298 Thread 0x000000001d8e7800 nmethod 82 0x0000000002ea1750 code [0x0000000002ea18a0, 0x0000000002ea19b0]
Event: 0.298 Thread 0x000000001d8e7800   83       1       java.lang.ref.Reference::get (5 bytes)
Event: 0.298 Thread 0x000000001d8e7800 nmethod 83 0x0000000002ea1a10 code [0x0000000002ea1b60, 0x0000000002ea1c70]
Event: 0.298 Thread 0x000000001d8e7800   84   !   3       sun.misc.URLClassPath$JarLoader::getResource (85 bytes)
Event: 0.299 Thread 0x000000001d8e7800 nmethod 84 0x0000000002ea1cd0 code [0x0000000002ea1f00, 0x0000000002ea2a18]
Event: 0.299 Thread 0x000000001d8e7800   86       3       java.util.HashMap::getNode (148 bytes)
Event: 0.299 Thread 0x000000001d8e7800 nmethod 86 0x0000000002ea2fd0 code [0x0000000002ea31a0, 0x0000000002ea3b88]
Event: 0.299 Thread 0x000000001d8e7800   85       3       java.security.Provider::checkInitialized (16 bytes)
Event: 0.299 Thread 0x000000001d8e7800 nmethod 85 0x0000000002ea3e90 code [0x0000000002ea4000, 0x0000000002ea4228]
Event: 0.300 Thread 0x000000001d8e1000   89       4       java.lang.CharacterDataLatin1::toLowerCase (39 bytes)
Event: 0.300 Thread 0x000000001d8e7800   87       3       sun.nio.cs.UTF_8$Decoder::decode (779 bytes)
Event: 0.301 Thread 0x000000001d8e1000 nmethod 89 0x0000000002ea77d0 code [0x0000000002ea7900, 0x0000000002ea79d8]
Event: 0.301 Thread 0x000000001d8f1800 nmethod 56 0x0000000002ea55d0 code [0x0000000002ea5720, 0x0000000002ea5fd8]
Event: 0.303 Thread 0x000000001d8e7800 nmethod 87 0x0000000002ea9a50 code [0x0000000002eaa120, 0x0000000002eaeed8]
Event: 0.303 Thread 0x000000001d8e7800   90       3       java.lang.StringBuilder::<init> (7 bytes)
Event: 0.303 Thread 0x000000001d8e7800 nmethod 90 0x0000000002ea7090 code [0x0000000002ea7200, 0x0000000002ea74b0]
Event: 0.303 Thread 0x000000001d8e7800   92       3       java.util.Arrays::copyOf (19 bytes)
Event: 0.303 Thread 0x000000001d8e7800 nmethod 92 0x0000000002ea6a90 code [0x0000000002ea6c00, 0x0000000002ea6f48]
Event: 0.303 Thread 0x000000001d8e7800   88       3       java.lang.String::toCharArray (25 bytes)
Event: 0.303 Thread 0x000000001d8e7800 nmethod 88 0x0000000002ea65d0 code [0x0000000002ea6740, 0x0000000002ea69c8]
Event: 0.303 Thread 0x000000001d8e7800   94       1       java.net.URL::getPath (5 bytes)
Event: 0.303 Thread 0x000000001d8e7800 nmethod 94 0x0000000002ea62d0 code [0x0000000002ea6420, 0x0000000002ea6530]
Event: 0.303 Thread 0x000000001d8e7800   93       3       java.util.AbstractList::<init> (10 bytes)
Event: 0.304 Thread 0x000000001d8e7800 nmethod 93 0x0000000002ea95d0 code [0x0000000002ea9740, 0x0000000002ea9950]
Event: 0.304 Thread 0x000000001d8e7800   91       1       java.util.jar.Manifest::getEntries (5 bytes)
Event: 0.304 Thread 0x000000001d8e7800 nmethod 91 0x0000000002ea9310 code [0x0000000002ea9460, 0x0000000002ea9570]
Event: 0.304 Thread 0x000000001d8e7800   96       1       java.net.URL::getAuthority (5 bytes)
Event: 0.304 Thread 0x000000001d8e7800 nmethod 96 0x0000000002ea9050 code [0x0000000002ea91a0, 0x0000000002ea92b0]
Event: 0.304 Thread 0x000000001d8e7800   95       3       java.util.concurrent.ConcurrentHashMap::spread (10 bytes)
Event: 0.304 Thread 0x000000001d8e7800 nmethod 95 0x0000000002ea8d50 code [0x0000000002ea8ea0, 0x0000000002ea8ff0]
Event: 0.304 Thread 0x000000001d8e7800   97       3       java.lang.Character::toUpperCase (6 bytes)
Event: 0.304 Thread 0x000000001d8e7800 nmethod 97 0x0000000002ea8810 code [0x0000000002ea8980, 0x0000000002ea8c18]
Event: 0.304 Thread 0x000000001d8e7800   98       3       java.lang.Character::toUpperCase (9 bytes)
Event: 0.304 Thread 0x000000001d8e7800 nmethod 98 0x0000000002ea8390 code [0x0000000002ea8500, 0x0000000002ea8738]
Event: 0.304 Thread 0x000000001d8e7800   99       1       java.util.zip.ZipFile::access$000 (5 bytes)
Event: 0.304 Thread 0x000000001d8e7800 nmethod 99 0x0000000002ea80d0 code [0x0000000002ea8220, 0x0000000002ea8310]
Event: 0.305 Thread 0x000000001d8e7800  100       3       sun.security.x509.X509CertImpl::getEncodedInternal (22 bytes)
Event: 0.305 Thread 0x000000001d8e7800 nmethod 100 0x0000000002ea7c50 code [0x0000000002ea7dc0, 0x0000000002ea7fe8]
Event: 0.306 Thread 0x000000001d8e7800  102  s!   3       sun.misc.URLClassPath::getLoader (243 bytes)
Event: 0.307 Thread 0x000000001d8e7800 nmethod 102 0x0000000002eb31d0 code [0x0000000002eb3620, 0x0000000002eb63d8]
Event: 0.307 Thread 0x000000001d8e7800  101  s    3       sun.misc.URLClassPath::getNextLoader (88 bytes)
Event: 0.307 Thread 0x000000001d8e7800 nmethod 101 0x0000000002eb8150 code [0x0000000002eb8340, 0x0000000002eb8c28]
Event: 0.307 Thread 0x000000001d8e7800  103       3       java.io.InputStream::<init> (5 bytes)
Event: 0.307 Thread 0x000000001d8e7800 nmethod 103 0x0000000002eb9150 code [0x0000000002eb92c0, 0x0000000002eb9470]
Event: 0.307 Thread 0x000000001d8e7800  105       3       java.nio.Buffer::checkIndex (22 bytes)
Event: 0.308 Thread 0x000000001d8e7800 nmethod 105 0x0000000002eb9550 code [0x0000000002eb96c0, 0x0000000002eb9968]
Event: 0.308 Thread 0x000000001d8e7800  104       1       java.net.URL::getPort (5 bytes)
Event: 0.308 Thread 0x000000001d8e7800 nmethod 104 0x0000000002eb9a90 code [0x0000000002eb9be0, 0x0000000002eb9cf0]
Event: 0.322 Thread 0x000000001d8e7800  106       3       java.lang.ClassLoader::checkName (43 bytes)
Event: 0.322 Thread 0x000000001d8e7800 nmethod 106 0x0000000002eb9d50 code [0x0000000002eb9f00, 0x0000000002eba698]
Event: 0.322 Thread 0x000000001d8e7800  107       3       sun.misc.VM::allowArraySyntax (4 bytes)
Event: 0.322 Thread 0x000000001d8e7800 nmethod 107 0x0000000002eba950 code [0x0000000002ebaaa0, 0x0000000002ebabf0]
Event: 0.322 Thread 0x000000001d8e7800  108       3       org.eclipse.jdt.launching.internal.org.objectweb.asm.ClassReader::readUnsignedShort (26 bytes)
Event: 0.322 Thread 0x000000001d8e7800 nmethod 108 0x0000000002ebac50 code [0x0000000002ebada0, 0x0000000002ebaf50]
Event: 0.323 Thread 0x000000001d8e7800  109       3       java.lang.String::equalsIgnoreCase (48 bytes)
Event: 0.323 Thread 0x000000001d8e7800 nmethod 109 0x0000000002ebb050 code [0x0000000002ebb1c0, 0x0000000002ebb528]
Event: 0.323 Thread 0x000000001d8e7800  110       1       java.security.ProtectionDomain::getCodeSource (5 bytes)
Event: 0.323 Thread 0x000000001d8e7800 nmethod 110 0x0000000002ebb650 code [0x0000000002ebb7a0, 0x0000000002ebb8b0]
Event: 398.536 Thread 0x000000001d8e7800  111       3       org.eclipse.jdt.launching.internal.org.objectweb.asm.SymbolTable::get (13 bytes)
Event: 398.536 Thread 0x000000001d8e7800 nmethod 111 0x0000000002ebc310 code [0x0000000002ebc460, 0x0000000002ebc610]
Event: 398.536 Thread 0x000000001d8e7800  112       3       org.eclipse.jdt.launching.internal.org.objectweb.asm.ByteVector::putShort (52 bytes)
Event: 398.536 Thread 0x000000001d8e7800 nmethod 112 0x0000000002ebc710 code [0x0000000002ebc880, 0x0000000002ebcae8]
Event: 398.536 Thread 0x000000001d8e7800  113       3       org.eclipse.jdt.launching.internal.org.objectweb.asm.SymbolTable::hash (10 bytes)
Event: 398.536 Thread 0x000000001d8e7800 nmethod 113 0x0000000002ebcc50 code [0x0000000002ebcdc0, 0x0000000002ebcfc8]
Event: 449.458 Thread 0x000000001d8e7800  114       3       org.eclipse.jdt.launching.internal.org.objectweb.asm.ClassReader::readUtf (161 bytes)
Event: 449.459 Thread 0x000000001d8e7800 nmethod 114 0x0000000002ebd090 code [0x0000000002ebd220, 0x0000000002ebd6e8]
Event: 449.459 Thread 0x000000001d8e7800  115       3       org.eclipse.jdt.launching.internal.org.objectweb.asm.Symbol::<init> (38 bytes)
Event: 449.459 Thread 0x000000001d8e7800 nmethod 115 0x0000000002ebdb50 code [0x0000000002ebdca0, 0x0000000002ebdeb0]
Event: 449.459 Thread 0x000000001d8e7800  116       3       org.eclipse.jdt.launching.internal.org.objectweb.asm.ByteVector::putByte (39 bytes)
Event: 449.460 Thread 0x000000001d8e7800 nmethod 116 0x0000000002ebdf90 code [0x0000000002ebe100, 0x0000000002ebe348]
Event: 491.629 Thread 0x000000001d8f1800  117       4       java.lang.String::equals (81 bytes)
Event: 491.629 Thread 0x000000001d8f3000  118       4       org.eclipse.jdt.launching.internal.org.objectweb.asm.ClassReader::readUnsignedShort (26 bytes)
Event: 491.629 Thread 0x000000001d8e7800  119       3       org.eclipse.jdt.launching.internal.org.objectweb.asm.SymbolTable$Entry::<init> (17 bytes)
Event: 491.629 Thread 0x000000001d8e7800 nmethod 119 0x0000000002ebe490 code [0x0000000002ebe600, 0x0000000002ebe7e8]
Event: 491.629 Thread 0x000000001d8e7800  121       3       org.eclipse.jdt.launching.internal.org.objectweb.asm.ByteVector::putUTF8 (144 bytes)
Event: 491.630 Thread 0x000000001d8f3000 nmethod 118 0x0000000002ec1590 code [0x0000000002ec16e0, 0x0000000002ec17f8]
Event: 491.630 Thread 0x000000001d8e7800 nmethod 121 0x0000000002ec0590 code [0x0000000002ec0780, 0x0000000002ec1038]
Event: 491.630 Thread 0x000000001d8e7800  120       3       org.eclipse.jdt.launching.internal.org.objectweb.asm.SymbolTable::put (150 bytes)
Event: 491.630 Thread 0x000000001d8e7800 nmethod 120 0x0000000002ebf810 code [0x0000000002ebf9c0, 0x0000000002ec0130]
Event: 491.635 Thread 0x000000001d8f1800 nmethod 117 0x0000000002ebf210 code [0x0000000002ebf360, 0x0000000002ebf678]
Event: 767.793 Thread 0x000000001d8e7800  122       3       org.eclipse.jdt.launching.internal.org.objectweb.asm.ClassReader::readUTF8 (23 bytes)
Event: 767.794 Thread 0x000000001d8e7800 nmethod 122 0x0000000002ebeb50 code [0x0000000002ebecc0, 0x0000000002ebf048]
Event: 767.795 Thread 0x000000001d8e7800  123       3       org.eclipse.jdt.launching.internal.org.objectweb.asm.ClassReader::readUtf (44 bytes)
Event: 767.795 Thread 0x000000001d8e7800 nmethod 123 0x0000000002ec3e50 code [0x0000000002ec3fe0, 0x0000000002ec4488]
Event: 1037.313 Thread 0x000000001d8e7800  124       3       org.eclipse.jdt.launching.internal.org.objectweb.asm.SymbolTable::addConstantUtf8 (98 bytes)
Event: 1037.314 Thread 0x000000001d8e7800 nmethod 124 0x0000000002ec3050 code [0x0000000002ec3240, 0x0000000002ec3a18]
Event: 1061.400 Thread 0x000000001d8e7800  125  s    3       java.lang.StringBuffer::append (13 bytes)
Event: 1061.401 Thread 0x000000001d8e7800 nmethod 125 0x0000000002ec2ad0 code [0x0000000002ec2c40, 0x0000000002ec2f68]

GC Heap History (0 events):
No events

Deoptimization events (0 events):
No events

Classes redefined (10 events):
Event: 85.375 Thread 0x000000001d724800 redefined class name=collection1.Lotto1, count=1
Event: 398.537 Thread 0x000000001d724800 redefined class name=collection1.Lotto1, count=2
Event: 449.459 Thread 0x000000001d724800 redefined class name=collection1.Lotto1, count=3
Event: 491.631 Thread 0x000000001d724800 redefined class name=collection1.Lotto1, count=4
Event: 767.795 Thread 0x000000001d724800 redefined class name=collection1.Lotto1, count=5
Event: 1037.314 Thread 0x000000001d724800 redefined class name=collection1.Lotto1, count=6
Event: 1050.755 Thread 0x000000001d724800 redefined class name=collection1.Lotto1, count=7
Event: 1055.836 Thread 0x000000001d724800 redefined class name=collection1.Lotto1, count=8
Event: 1061.402 Thread 0x000000001d724800 redefined class name=collection1.Lotto1, count=9
Event: 1255.804 Thread 0x000000001d724800 redefined class name=collection1.Lotto1, count=10

Internal exceptions (2 events):
Event: 0.032 Thread 0x00000000025fa800 Exception <a 'java/lang/NoSuchMethodError': Method sun.misc.Unsafe.defineClass(Ljava/lang/String;[BII)Ljava/lang/Class; name or signature does not match> (0x000000076b507cc0) thrown at [C:\ojdkbuild\lookaside\java-1.8.0-openjdk\hotspot\src\share\vm\prims\
Event: 0.032 Thread 0x00000000025fa800 Exception <a 'java/lang/NoSuchMethodError': Method sun.misc.Unsafe.prefetchRead(Ljava/lang/Object;J)V name or signature does not match> (0x000000076b507fa8) thrown at [C:\ojdkbuild\lookaside\java-1.8.0-openjdk\hotspot\src\share\vm\prims\jni.cpp, line 4014

Events (250 events):
Event: 0.289 loading class org/eclipse/jdt/launching/internal/org/objectweb/asm/MethodVisitor done
Event: 0.289 loading class sun/reflect/MethodAccessorGenerator
Event: 0.289 loading class sun/reflect/AccessorGenerator
Event: 0.289 loading class sun/reflect/ClassFileConstants
Event: 0.289 loading class sun/reflect/ClassFileConstants done
Event: 0.289 loading class sun/reflect/AccessorGenerator done
Event: 0.289 loading class sun/reflect/MethodAccessorGenerator done
Event: 0.289 loading class java/lang/Void
Event: 0.289 loading class java/lang/Void done
Event: 0.289 loading class sun/reflect/ByteVectorFactory
Event: 0.289 loading class sun/reflect/ByteVectorFactory done
Event: 0.289 loading class sun/reflect/ByteVectorImpl
Event: 0.290 loading class sun/reflect/ByteVector
Event: 0.290 loading class sun/reflect/ByteVector done
Event: 0.290 loading class sun/reflect/ByteVectorImpl done
Event: 0.290 loading class sun/reflect/ClassFileAssembler
Event: 0.290 loading class sun/reflect/ClassFileAssembler done
Event: 0.290 loading class sun/reflect/UTF8
Event: 0.290 loading class sun/reflect/UTF8 done
Event: 0.290 loading class sun/reflect/Label
Event: 0.290 loading class sun/reflect/Label done
Event: 0.290 loading class sun/reflect/Label$PatchInfo
Event: 0.290 loading class sun/reflect/Label$PatchInfo done
Event: 0.290 loading class sun/reflect/MethodAccessorGenerator$1
Event: 0.290 loading class sun/reflect/MethodAccessorGenerator$1 done
Event: 0.290 loading class sun/reflect/ClassDefiner
Event: 0.291 loading class sun/reflect/ClassDefiner done
Event: 0.291 loading class sun/reflect/ClassDefiner$1
Event: 0.291 loading class sun/reflect/ClassDefiner$1 done
Event: 0.291 loading class sun/reflect/BootstrapConstructorAccessorImpl
Event: 0.291 loading class sun/reflect/BootstrapConstructorAccessorImpl done
Event: 0.292 loading class org/eclipse/jdt/launching/internal/org/objectweb/asm/MethodWriter
Event: 0.292 loading class org/eclipse/jdt/launching/internal/org/objectweb/asm/MethodWriter done
Event: 0.292 Thread 0x00000000025fa800 DEOPT PACKING pc=0x0000000002e87ef6 sp=0x0000000002a699f0
Event: 0.292 Thread 0x00000000025fa800 DEOPT UNPACKING pc=0x0000000002db75d0 sp=0x0000000002a69740 mode 0
Event: 0.292 Thread 0x00000000025fa800 DEOPT PACKING pc=0x0000000002e87ef6 sp=0x0000000002a699f0
Event: 0.292 Thread 0x00000000025fa800 DEOPT UNPACKING pc=0x0000000002db75d0 sp=0x0000000002a69740 mode 0
Event: 0.292 Thread 0x00000000025fa800 DEOPT PACKING pc=0x0000000002e87ef6 sp=0x0000000002a699f0
Event: 0.292 Thread 0x00000000025fa800 DEOPT UNPACKING pc=0x0000000002db75d0 sp=0x0000000002a69740 mode 0
Event: 0.293 Thread 0x00000000025fa800 DEOPT PACKING pc=0x0000000002e87ef6 sp=0x0000000002a699f0
Event: 0.293 Thread 0x00000000025fa800 DEOPT UNPACKING pc=0x0000000002db75d0 sp=0x0000000002a69740 mode 0
Event: 0.294 loading class org/eclipse/jdt/launching/internal/org/objectweb/asm/ModuleVisitor
Event: 0.294 loading class org/eclipse/jdt/launching/internal/org/objectweb/asm/ModuleVisitor done
Event: 0.294 Thread 0x00000000025fa800 DEOPT PACKING pc=0x0000000002e87ef6 sp=0x0000000002a699f0
Event: 0.294 Thread 0x00000000025fa800 DEOPT UNPACKING pc=0x0000000002db75d0 sp=0x0000000002a69740 mode 0
Event: 0.294 loading class org/eclipse/jdt/launching/internal/org/objectweb/asm/ModuleWriter
Event: 0.294 loading class org/eclipse/jdt/launching/internal/org/objectweb/asm/ModuleWriter done
Event: 0.295 Thread 0x00000000025fa800 DEOPT PACKING pc=0x0000000002e87ef6 sp=0x0000000002a699f0
Event: 0.295 Thread 0x00000000025fa800 DEOPT UNPACKING pc=0x0000000002db75d0 sp=0x0000000002a69740 mode 0
Event: 0.295 loading class java/lang/TypeNotPresentException
Event: 0.295 loading class java/lang/TypeNotPresentException done
Event: 0.295 loading class org/eclipse/jdt/launching/internal/org/objectweb/asm/ClassTooLargeException
Event: 0.295 loading class org/eclipse/jdt/launching/internal/org/objectweb/asm/ClassTooLargeException done
Event: 0.296 loading class java/lang/IndexOutOfBoundsException
Event: 0.296 loading class java/lang/IndexOutOfBoundsException done
Event: 0.296 loading class org/eclipse/jdt/launching/internal/org/objectweb/asm/SymbolTable
Event: 0.296 loading class org/eclipse/jdt/launching/internal/org/objectweb/asm/SymbolTable done
Event: 0.297 Thread 0x00000000025fa800 DEOPT PACKING pc=0x0000000002e87ef6 sp=0x0000000002a6a3a0
Event: 0.297 Thread 0x00000000025fa800 DEOPT UNPACKING pc=0x0000000002db75d0 sp=0x0000000002a6a0f0 mode 0
Event: 0.297 Thread 0x00000000025fa800 DEOPT PACKING pc=0x0000000002e87ef6 sp=0x0000000002a6a3a0
Event: 0.297 Thread 0x00000000025fa800 DEOPT UNPACKING pc=0x0000000002db75d0 sp=0x0000000002a6a0f0 mode 0
Event: 0.298 loading class org/eclipse/jdt/launching/internal/org/objectweb/asm/Symbol
Event: 0.298 loading class org/eclipse/jdt/launching/internal/org/objectweb/asm/Symbol done
Event: 0.298 loading class org/eclipse/jdt/launching/internal/org/objectweb/asm/SymbolTable$Entry
Event: 0.298 loading class org/eclipse/jdt/launching/internal/org/objectweb/asm/SymbolTable$Entry done
Event: 0.300 loading class org/eclipse/jdt/launching/internal/org/objectweb/asm/ByteVector
Event: 0.300 loading class org/eclipse/jdt/launching/internal/org/objectweb/asm/ByteVector done
Event: 0.300 Thread 0x00000000025fa800 DEOPT PACKING pc=0x0000000002e87ef6 sp=0x0000000002a6a330
Event: 0.300 Thread 0x00000000025fa800 DEOPT UNPACKING pc=0x0000000002db75d0 sp=0x0000000002a6a080 mode 0
Event: 0.301 loading class org/eclipse/jdt/launching/internal/org/objectweb/asm/Attribute
Event: 0.301 loading class org/eclipse/jdt/launching/internal/org/objectweb/asm/Attribute done
Event: 0.302 loading class org/eclipse/jdt/launching/internal/org/objectweb/asm/Context
Event: 0.302 loading class org/eclipse/jdt/launching/internal/org/objectweb/asm/Context done
Event: 0.304 loading class org/eclipse/jdt/launching/internal/org/objectweb/asm/Frame
Event: 0.304 loading class org/eclipse/jdt/launching/internal/org/objectweb/asm/Frame done
Event: 0.305 loading class org/eclipse/jdt/launching/internal/org/objectweb/asm/CurrentFrame
Event: 0.305 loading class org/eclipse/jdt/launching/internal/org/objectweb/asm/CurrentFrame done
Event: 0.305 loading class java/lang/IllegalStateException
Event: 0.305 loading class java/lang/IllegalStateException done
Event: 0.305 loading class org/eclipse/jdt/launching/internal/org/objectweb/asm/MethodTooLargeException
Event: 0.305 loading class org/eclipse/jdt/launching/internal/org/objectweb/asm/MethodTooLargeException done
Event: 0.306 loading class org/eclipse/jdt/launching/internal/org/objectweb/asm/Label
Event: 0.306 loading class org/eclipse/jdt/launching/internal/org/objectweb/asm/Label done
Event: 0.307 loading class org/eclipse/jdt/launching/internal/org/objectweb/asm/Opcodes
Event: 0.307 loading class org/eclipse/jdt/launching/internal/org/objectweb/asm/Opcodes done
Event: 0.308 loading class org/eclipse/jdt/launching/internal/org/objectweb/asm/Type
Event: 0.308 loading class org/eclipse/jdt/launching/internal/org/objectweb/asm/Type done
Event: 0.322 loading class org/eclipse/jdt/launching/internal/org/objectweb/asm/Handler
Event: 0.322 loading class org/eclipse/jdt/launching/internal/org/objectweb/asm/Handler done
Event: 0.324 loading class sun/launcher/LauncherHelper$FXHelper
Event: 0.324 loading class sun/launcher/LauncherHelper$FXHelper done
Event: 0.324 loading class java/lang/Class$MethodArray
Event: 0.324 loading class java/lang/Class$MethodArray done
Event: 0.339 Executing VM operation: ChangeBreakpoints
Event: 0.340 Executing VM operation: ChangeBreakpoints done
Event: 0.342 loading class java/util/Random
Event: 0.342 loading class java/util/Random done
Event: 0.691 Executing VM operation: GetCurrentContendedMonitor
Event: 0.691 Executing VM operation: GetCurrentContendedMonitor done
Event: 0.692 Executing VM operation: GetOwnedMonitorInfo
Event: 0.692 Executing VM operation: GetOwnedMonitorInfo done
Event: 0.707 Executing VM operation: GetOwnedMonitorInfo
Event: 0.707 Executing VM operation: GetOwnedMonitorInfo done
Event: 0.707 Executing VM operation: GetCurrentContendedMonitor
Event: 0.707 Executing VM operation: GetCurrentContendedMonitor done
Event: 0.707 Executing VM operation: GetOwnedMonitorInfo
Event: 0.708 Executing VM operation: GetOwnedMonitorInfo done
Event: 0.708 Executing VM operation: GetCurrentContendedMonitor
Event: 0.708 Executing VM operation: GetCurrentContendedMonitor done
Event: 0.715 Executing VM operation: GetOwnedMonitorInfo
Event: 0.715 Executing VM operation: GetOwnedMonitorInfo done
Event: 0.715 Executing VM operation: GetCurrentContendedMonitor
Event: 0.715 Executing VM operation: GetCurrentContendedMonitor done
Event: 0.747 Executing VM operation: GetOwnedMonitorInfo
Event: 0.747 Executing VM operation: GetOwnedMonitorInfo done
Event: 0.748 Executing VM operation: GetCurrentContendedMonitor
Event: 0.748 Executing VM operation: GetCurrentContendedMonitor done
Event: 0.762 Executing VM operation: GetOwnedMonitorInfo
Event: 0.762 Executing VM operation: GetOwnedMonitorInfo done
Event: 0.763 Executing VM operation: GetCurrentContendedMonitor
Event: 0.763 Executing VM operation: GetCurrentContendedMonitor done
Event: 4.318 Executing VM operation: EnableBiasedLocking
Event: 4.319 Executing VM operation: EnableBiasedLocking done
Event: 85.374 Executing VM operation: RedefineClasses
Event: 85.375 Executing VM operation: RedefineClasses done
Event: 85.378 Executing VM operation: ChangeBreakpoints
Event: 85.378 Executing VM operation: ChangeBreakpoints done
Event: 85.622 Executing VM operation: GetOwnedMonitorInfo
Event: 85.622 Executing VM operation: GetOwnedMonitorInfo done
Event: 85.622 Executing VM operation: GetCurrentContendedMonitor
Event: 85.622 Executing VM operation: GetCurrentContendedMonitor done
Event: 367.304 Executing VM operation: GetOrSetLocal
Event: 367.304 Executing VM operation: GetOrSetLocal done
Event: 367.304 Executing VM operation: GetOrSetLocal
Event: 367.304 Executing VM operation: GetOrSetLocal done
Event: 367.305 Executing VM operation: GetOrSetLocal
Event: 367.305 Executing VM operation: GetOrSetLocal done
Event: 367.305 Executing VM operation: GetOrSetLocal
Event: 367.306 Executing VM operation: GetOrSetLocal done
Event: 367.308 Executing VM operation: GetOrSetLocal
Event: 367.308 Executing VM operation: GetOrSetLocal done
Event: 367.314 Executing VM operation: GetOrSetLocal
Event: 367.314 Executing VM operation: GetOrSetLocal done
Event: 367.326 Executing VM operation: GetOrSetLocal
Event: 367.326 Executing VM operation: GetOrSetLocal done
Event: 367.327 Executing VM operation: GetOrSetLocal
Event: 367.327 Executing VM operation: GetOrSetLocal done
Event: 368.477 Executing VM operation: GetOrSetLocal
Event: 368.478 Executing VM operation: GetOrSetLocal done
Event: 368.479 Executing VM operation: GetOrSetLocal
Event: 368.479 Executing VM operation: GetOrSetLocal done
Event: 368.480 Executing VM operation: GetOrSetLocal
Event: 368.480 Executing VM operation: GetOrSetLocal done
Event: 368.480 Executing VM operation: GetOrSetLocal
Event: 368.480 Executing VM operation: GetOrSetLocal done
Event: 368.480 Executing VM operation: GetOrSetLocal
Event: 368.480 Executing VM operation: GetOrSetLocal done
Event: 368.486 Executing VM operation: GetOrSetLocal
Event: 368.486 Executing VM operation: GetOrSetLocal done
Event: 368.486 Executing VM operation: GetOrSetLocal
Event: 368.486 Executing VM operation: GetOrSetLocal done
Event: 368.495 Executing VM operation: GetOrSetLocal
Event: 368.495 Executing VM operation: GetOrSetLocal done
Event: 368.495 Executing VM operation: GetOrSetLocal
Event: 368.495 Executing VM operation: GetOrSetLocal done
Event: 398.536 Executing VM operation: RedefineClasses
Event: 398.537 Executing VM operation: RedefineClasses done
Event: 398.540 Executing VM operation: ChangeBreakpoints
Event: 398.541 Executing VM operation: ChangeBreakpoints done
Event: 398.813 Executing VM operation: GetOwnedMonitorInfo
Event: 398.813 Executing VM operation: GetOwnedMonitorInfo done
Event: 398.813 Executing VM operation: GetCurrentContendedMonitor
Event: 398.813 Executing VM operation: GetCurrentContendedMonitor done
Event: 449.459 Executing VM operation: RedefineClasses
Event: 449.459 Executing VM operation: RedefineClasses done
Event: 449.464 Executing VM operation: ChangeBreakpoints
Event: 449.464 Executing VM operation: ChangeBreakpoints done
Event: 449.722 Executing VM operation: GetOwnedMonitorInfo
Event: 449.722 Executing VM operation: GetOwnedMonitorInfo done
Event: 449.722 Executing VM operation: GetCurrentContendedMonitor
Event: 449.722 Executing VM operation: GetCurrentContendedMonitor done
Event: 491.630 Executing VM operation: RedefineClasses
Event: 491.631 Executing VM operation: RedefineClasses done
Event: 491.637 Executing VM operation: ChangeBreakpoints
Event: 491.637 Executing VM operation: ChangeBreakpoints done
Event: 491.898 Executing VM operation: GetOwnedMonitorInfo
Event: 491.898 Executing VM operation: GetOwnedMonitorInfo done
Event: 491.898 Executing VM operation: GetCurrentContendedMonitor
Event: 491.898 Executing VM operation: GetCurrentContendedMonitor done
Event: 767.794 Executing VM operation: RedefineClasses
Event: 767.795 Executing VM operation: RedefineClasses done
Event: 767.834 Executing VM operation: GetOwnedMonitorInfo
Event: 767.834 Executing VM operation: GetOwnedMonitorInfo done
Event: 767.835 Executing VM operation: GetCurrentContendedMonitor
Event: 767.835 Executing VM operation: GetCurrentContendedMonitor done
Event: 1037.314 Executing VM operation: RedefineClasses
Event: 1037.314 Executing VM operation: RedefineClasses done
Event: 1037.317 Executing VM operation: ChangeBreakpoints
Event: 1037.317 Executing VM operation: ChangeBreakpoints done
Event: 1037.583 Executing VM operation: GetOwnedMonitorInfo
Event: 1037.583 Executing VM operation: GetOwnedMonitorInfo done
Event: 1037.583 Executing VM operation: GetCurrentContendedMonitor
Event: 1037.583 Executing VM operation: GetCurrentContendedMonitor done
Event: 1050.754 Executing VM operation: RedefineClasses
Event: 1050.755 Executing VM operation: RedefineClasses done
Event: 1050.845 Executing VM operation: GetOwnedMonitorInfo
Event: 1050.845 Executing VM operation: GetOwnedMonitorInfo done
Event: 1050.846 Executing VM operation: GetCurrentContendedMonitor
Event: 1050.846 Executing VM operation: GetCurrentContendedMonitor done
Event: 1055.836 Executing VM operation: RedefineClasses
Event: 1055.836 Executing VM operation: RedefineClasses done
Event: 1055.838 Executing VM operation: ChangeBreakpoints
Event: 1055.838 Executing VM operation: ChangeBreakpoints done
Event: 1056.099 Executing VM operation: GetOwnedMonitorInfo
Event: 1056.099 Executing VM operation: GetOwnedMonitorInfo done
Event: 1056.099 Executing VM operation: GetCurrentContendedMonitor
Event: 1056.099 Executing VM operation: GetCurrentContendedMonitor done
Event: 1061.401 Executing VM operation: RedefineClasses
Event: 1061.402 Executing VM operation: RedefineClasses done
Event: 1061.405 Executing VM operation: ChangeBreakpoints
Event: 1061.405 Executing VM operation: ChangeBreakpoints done
Event: 1061.653 Executing VM operation: GetOwnedMonitorInfo
Event: 1061.653 Executing VM operation: GetOwnedMonitorInfo done
Event: 1061.654 Executing VM operation: GetCurrentContendedMonitor
Event: 1061.654 Executing VM operation: GetCurrentContendedMonitor done
Event: 1255.804 Executing VM operation: RedefineClasses
Event: 1255.804 Executing VM operation: RedefineClasses done
Event: 1255.808 Executing VM operation: ChangeBreakpoints
Event: 1255.808 Executing VM operation: ChangeBreakpoints done
Event: 1256.055 Executing VM operation: GetOwnedMonitorInfo
Event: 1256.055 Executing VM operation: GetOwnedMonitorInfo done
Event: 1256.055 Executing VM operation: GetCurrentContendedMonitor
Event: 1256.055 Executing VM operation: GetCurrentContendedMonitor done
Event: 1362.270 Executing VM operation: GetCurrentContendedMonitor
Event: 1362.270 Executing VM operation: GetCurrentContendedMonitor done
Event: 1362.270 Executing VM operation: GetOwnedMonitorInfo
Event: 1362.270 Executing VM operation: GetOwnedMonitorInfo done
Event: 1362.911 Executing VM operation: GetCurrentContendedMonitor
Event: 1362.911 Executing VM operation: GetCurrentContendedMonitor done
Event: 1362.911 Executing VM operation: GetOwnedMonitorInfo
Event: 1362.911 Executing VM operation: GetOwnedMonitorInfo done
Event: 1365.673 Executing VM operation: GetCurrentContendedMonitor
Event: 1365.673 Executing VM operation: GetCurrentContendedMonitor done
Event: 1365.673 Executing VM operation: GetOwnedMonitorInfo
Event: 1365.673 Executing VM operation: GetOwnedMonitorInfo done
Event: 1366.384 Executing VM operation: GetCurrentContendedMonitor
Event: 1366.384 Executing VM operation: GetCurrentContendedMonitor done
Event: 1366.385 Executing VM operation: GetOwnedMonitorInfo
Event: 1366.385 Executing VM operation: GetOwnedMonitorInfo done
Event: 1368.453 Executing VM operation: GetOrSetLocal


Dynamic libraries:
0x00007ff6c49b0000 - 0x00007ff6c49f8000 	C:\Program Files\ojdkbuild\java-1.8.0-openjdk-1.8.0.292-1\bin\javaw.exe
0x00007ffba9830000 - 0x00007ffba9a25000 	C:\Windows\SYSTEM32\ntdll.dll
0x00007ffba8360000 - 0x00007ffba841d000 	C:\Windows\System32\KERNEL32.DLL
0x00007ffba6f70000 - 0x00007ffba7238000 	C:\Windows\System32\KERNELBASE.dll
0x00007ffba9720000 - 0x00007ffba97cc000 	C:\Windows\System32\ADVAPI32.dll
0x00007ffba8250000 - 0x00007ffba82ee000 	C:\Windows\System32\msvcrt.dll
0x00007ffba78b0000 - 0x00007ffba794b000 	C:\Windows\System32\sechost.dll
0x00007ffba79e0000 - 0x00007ffba7b0b000 	C:\Windows\System32\RPCRT4.dll
0x00007ffba8480000 - 0x00007ffba8620000 	C:\Windows\System32\USER32.dll
0x00007ffba7480000 - 0x00007ffba74a2000 	C:\Windows\System32\win32u.dll
0x00007ffba8620000 - 0x00007ffba864a000 	C:\Windows\System32\GDI32.dll
0x00007ffba7790000 - 0x00007ffba789b000 	C:\Windows\System32\gdi32full.dll
0x00007ffba7660000 - 0x00007ffba76fd000 	C:\Windows\System32\msvcp_win.dll
0x00007ffba7240000 - 0x00007ffba7340000 	C:\Windows\System32\ucrtbase.dll
0x00007ffb98f90000 - 0x00007ffb9922a000 	C:\Windows\WinSxS\amd64_microsoft.windows.common-controls_6595b64144ccf1df_6.0.19041.1052_none_60b8f8fd71f5e8cb\COMCTL32.dll
0x00007ffba7c30000 - 0x00007ffba7c60000 	C:\Windows\System32\IMM32.DLL
0x0000000053a80000 - 0x0000000053b52000 	C:\Program Files\ojdkbuild\java-1.8.0-openjdk-1.8.0.292-1\jre\bin\msvcr100.dll
0x0000000053b60000 - 0x000000005448b000 	C:\Program Files\ojdkbuild\java-1.8.0-openjdk-1.8.0.292-1\jre\bin\server\jvm.dll
0x00007ffba82f0000 - 0x00007ffba82f8000 	C:\Windows\System32\PSAPI.DLL
0x00007ffb99a20000 - 0x00007ffb99a47000 	C:\Windows\SYSTEM32\WINMM.dll
0x00007ffba17c0000 - 0x00007ffba17ca000 	C:\Windows\SYSTEM32\VERSION.dll
0x00007ffb99f00000 - 0x00007ffb99f09000 	C:\Windows\SYSTEM32\WSOCK32.dll
0x00007ffba9540000 - 0x00007ffba95ab000 	C:\Windows\System32\WS2_32.dll
0x00007ffb99850000 - 0x00007ffb9985f000 	C:\Program Files\ojdkbuild\java-1.8.0-openjdk-1.8.0.292-1\jre\bin\verify.dll
0x00007ffb94c90000 - 0x00007ffb94cb9000 	C:\Program Files\ojdkbuild\java-1.8.0-openjdk-1.8.0.292-1\jre\bin\java.dll
0x00007ffb99880000 - 0x00007ffb998b5000 	C:\Program Files\ojdkbuild\java-1.8.0-openjdk-1.8.0.292-1\jre\bin\jdwp.dll
0x00007ffba3f00000 - 0x00007ffba3f08000 	C:\Program Files\ojdkbuild\java-1.8.0-openjdk-1.8.0.292-1\jre\bin\npt.dll
0x00007ffb84e10000 - 0x00007ffb84e33000 	C:\Program Files\ojdkbuild\java-1.8.0-openjdk-1.8.0.292-1\jre\bin\instrument.dll
0x00007ffb96ae0000 - 0x00007ffb96af6000 	C:\Program Files\ojdkbuild\java-1.8.0-openjdk-1.8.0.292-1\jre\bin\zip.dll
0x00007ffba8cd0000 - 0x00007ffba940f000 	C:\Windows\System32\SHELL32.dll
0x00007ffba50c0000 - 0x00007ffba5850000 	C:\Windows\SYSTEM32\windows.storage.dll
0x00007ffba7ef0000 - 0x00007ffba8245000 	C:\Windows\System32\combase.dll
0x00007ffba69e0000 - 0x00007ffba6a0c000 	C:\Windows\SYSTEM32\Wldp.dll
0x00007ffba7d10000 - 0x00007ffba7dbe000 	C:\Windows\System32\SHCORE.dll
0x00007ffba8420000 - 0x00007ffba8475000 	C:\Windows\System32\shlwapi.dll
0x00007ffba6eb0000 - 0x00007ffba6ecf000 	C:\Windows\SYSTEM32\profapi.dll
0x00007ffb99b30000 - 0x00007ffb99b39000 	C:\Program Files\ojdkbuild\java-1.8.0-openjdk-1.8.0.292-1\jre\bin\dt_socket.dll
0x00007ffb8bda0000 - 0x00007ffb8bdb7000 	C:\Windows\system32\napinsp.dll
0x00007ffb85990000 - 0x00007ffb859ab000 	C:\Windows\system32\pnrpnsp.dll
0x00007ffba29c0000 - 0x00007ffba29dd000 	C:\Windows\system32\NLAapi.dll
0x00007ffba6370000 - 0x00007ffba63ab000 	C:\Windows\SYSTEM32\IPHLPAPI.DLL
0x00007ffb84240000 - 0x00007ffb84255000 	C:\Windows\system32\wshbth.dll
0x00007ffba6680000 - 0x00007ffba66ea000 	C:\Windows\System32\mswsock.dll
0x00007ffba63b0000 - 0x00007ffba647c000 	C:\Windows\SYSTEM32\DNSAPI.dll
0x00007ffba9630000 - 0x00007ffba9638000 	C:\Windows\System32\NSI.dll
0x00007ffb85910000 - 0x00007ffb85922000 	C:\Windows\System32\winrnr.dll
0x00007ffb9aa80000 - 0x00007ffb9aaff000 	C:\Windows\System32\fwpuclnt.dll
0x00007ffba7700000 - 0x00007ffba7727000 	C:\Windows\System32\bcrypt.dll
0x00007ffb9a250000 - 0x00007ffb9a25a000 	C:\Windows\System32\rasadhlp.dll
0x00007ffba3f10000 - 0x00007ffba3f25000 	C:\Program Files\ojdkbuild\java-1.8.0-openjdk-1.8.0.292-1\jre\bin\sunec.dll
0x00007ffb94890000 - 0x00007ffb94a74000 	C:\Windows\SYSTEM32\dbghelp.dll
0x00007ffba7340000 - 0x00007ffba73c3000 	C:\Windows\System32\bcryptPrimitives.dll

VM Arguments:
jvm_args: -agentlib:jdwp=transport=dt_socket,suspend=y,address=localhost:57592 -javaagent:C:\eclipse\eclipse\configuration\org.eclipse.osgi\411\0\.cp\lib\javaagent-shaded.jar -Dfile.encoding=UTF-8 
java_command: collection1.Lotto1
java_class_path (initial): C:\eclipse\workspace\16-javaapi\bin;C:\eclipse\eclipse\configuration\org.eclipse.osgi\411\0\.cp\lib\javaagent-shaded.jar
Launcher Type: SUN_STANDARD

Environment Variables:
JAVA_HOME=C:\Program Files\ojdkbuild\java-1.8.0-openjdk-1.8.0.292-1
PATH=C:/Program Files/ojdkbuild/java-1.8.0-openjdk-1.8.0.292-1/bin/../jre/bin/server;C:/Program Files/ojdkbuild/java-1.8.0-openjdk-1.8.0.292-1/bin/../jre/bin;C:/Program Files/ojdkbuild/java-1.8.0-openjdk-1.8.0.292-1/bin/../jre/lib/amd64;C:\Windows\system32;C:\Windows;C:\Windows\System32\Wbem;C:\Windows\System32\WindowsPowerShell\v1.0\;C:\Windows\System32\OpenSSH\;C:\Program Files\ojdkbuild\java-1.8.0-openjdk-1.8.0.292-1\bin;C:\Program Files\ojdkbuild\java-1.8.0-openjdk-1.8.0.292-1\jre\bin;C:\Program Files\ojdkbuild\java-1.8.0-openjdk-1.8.0.292-1\bin;C:\Program Files\Git\cmd;C:\Users\ict03-19\AppData\Local\Microsoft\WindowsApps;;C:\Users\ict03-19\AppData\Local\Programs\Microsoft VS Code\bin;C:\Program Files\Bandizip\;C:\eclipse\eclipse;
USERNAME=ict03-19
OS=Windows_NT
PROCESSOR_IDENTIFIER=Intel64 Family 6 Model 94 Stepping 3, GenuineIntel



---------------  S Y S T E M  ---------------

OS: Windows 10.0 , 64 bit Build 19041 (10.0.19041.1023)

CPU:total 8 (initial active 8) (4 cores per cpu, 2 threads per core) family 6 model 94 stepping 3, cmov, cx8, fxsr, mmx, sse, sse2, sse3, ssse3, sse4.1, sse4.2, popcnt, avx, avx2, aes, clmul, erms, rtm, 3dnowpref, lzcnt, ht, tsc, tscinvbit, bmi1, bmi2, adx

Memory: 4k page, physical 16653524k(9856192k free), swap 19668180k(8763704k free)

vm_info: OpenJDK 64-Bit Server VM (25.292-b10) for windows-amd64 JRE (1.8.0_292-b10), built on May  1 2021 15:27:06 by "Administrator" with MS VC++ 10.0 (VS2010)

time: Wed Jul 07 16:40:17 2021
timezone:  
elapsed time: 1368.509526 seconds (0d 0h 22m 48s)

