2021-06-15 11:36:17,248 [Worker-2: Loading available Gradle versions] INFO  o.e.b.c.i.u.g.PublishedGradleVersions - Gradle version information cache is not available. Remote download required.
2021-06-15 11:40:06,079 [main] INFO  org.eclipse.jetty.util.log - Logging initialized @1261485ms to org.eclipse.jetty.util.log.Slf4jLog
2021-06-15 11:40:06,170 [main] INFO  org.eclipse.jetty.server.Server - jetty-9.4.27.v20200227; built: 2020-03-02T14:40:42.212Z; git: a304fd9f351f337e7c0e2a7c28878dd536149c6c; jvm 1.8.0_292-b10
2021-06-15 11:40:06,187 [main] INFO  org.eclipse.jetty.server.session - DefaultSessionIdManager workerName=node0
2021-06-15 11:40:06,187 [main] INFO  org.eclipse.jetty.server.session - No SessionScavenger set, using defaults
2021-06-15 11:40:06,188 [main] INFO  org.eclipse.jetty.server.session - node0 Scavenging every 600000ms
2021-06-15 11:40:06,215 [main] INFO  o.e.j.server.handler.ContextHandler - Started o.e.j.s.ServletContextHandler@324fb35d{/wse,null,AVAILABLE}
2021-06-15 11:40:06,231 [main] INFO  o.e.jetty.server.AbstractConnector - Started ServerConnector@3e909075{HTTP/1.1, (http/1.1)}{0.0.0.0:51589}
2021-06-15 11:40:06,231 [main] INFO  org.eclipse.jetty.server.Server - Started @1261639ms
2021-06-15 11:40:06,232 [main] INFO  org.eclipse.jetty.server.session - node0 Scavenging every 600000ms
2021-06-15 18:17:38,049 [Framework stop] INFO  o.e.jetty.server.AbstractConnector - Stopped ServerConnector@3e909075{HTTP/1.1, (http/1.1)}{0.0.0.0:0}
2021-06-15 18:17:38,049 [Framework stop] INFO  org.eclipse.jetty.server.session - node0 Stopped scavenging
2021-06-15 18:17:38,078 [Framework stop] INFO  o.e.j.server.handler.ContextHandler - Stopped o.e.j.s.ServletContextHandler@324fb35d{/wse,null,UNAVAILABLE}
2021-06-15 18:20:05,181 [Worker-0: Loading available Gradle versions] INFO  o.e.b.c.i.u.g.PublishedGradleVersions - Gradle version information cache is up-to-date. Trying to read.
2021-06-16 09:24:47,785 [Worker-3: Loading available Gradle versions] INFO  o.e.b.c.i.u.g.PublishedGradleVersions - Gradle version information cache is up-to-date. Trying to read.
2021-06-16 16:55:48,458 [Worker-2: Loading available Gradle versions] INFO  o.e.b.c.i.u.g.PublishedGradleVersions - Gradle version information cache is out-of-date. Trying to update.
2021-06-22 14:36:25,834 [Worker-6: Loading available Gradle versions] INFO  o.e.b.c.i.u.g.PublishedGradleVersions - Gradle version information cache is out-of-date. Trying to update.
2021-06-30 11:21:57,175 [Worker-6: Loading available Gradle versions] INFO  o.e.b.c.i.u.g.PublishedGradleVersions - Gradle version information cache is out-of-date. Trying to update.
2021-07-06 09:35:38,270 [Worker-4: Loading available Gradle versions] INFO  o.e.b.c.i.u.g.PublishedGradleVersions - Gradle version information cache is out-of-date. Trying to update.
2021-07-06 10:08:22,195 [Worker-0: Loading available Gradle versions] INFO  o.e.b.c.i.u.g.PublishedGradleVersions - Gradle version information cache is up-to-date. Trying to read.
2021-07-07 09:52:52,684 [Worker-3: Loading available Gradle versions] INFO  o.e.b.c.i.u.g.PublishedGradleVersions - Gradle version information cache is out-of-date. Trying to update.
2021-07-12 10:07:31,572 [Worker-0: Loading available Gradle versions] INFO  o.e.b.c.i.u.g.PublishedGradleVersions - Gradle version information cache is out-of-date. Trying to update.
2021-07-12 10:11:20,578 [Worker-5: Loading available Gradle versions] INFO  o.e.b.c.i.u.g.PublishedGradleVersions - Gradle version information cache is up-to-date. Trying to read.
2021-07-12 11:55:54,476 [Worker-5: Loading available Gradle versions] INFO  o.e.b.c.i.u.g.PublishedGradleVersions - Gradle version information cache is up-to-date. Trying to read.
2021-07-15 09:37:11,782 [Worker-3: Loading available Gradle versions] INFO  o.e.b.c.i.u.g.PublishedGradleVersions - Gradle version information cache is out-of-date. Trying to update.
2021-07-21 12:03:06,067 [Worker-8: Loading available Gradle versions] INFO  o.e.b.c.i.u.g.PublishedGradleVersions - Gradle version information cache is out-of-date. Trying to update.
2021-07-22 09:39:49,184 [Worker-3: Loading available Gradle versions] INFO  o.e.b.c.i.u.g.PublishedGradleVersions - Gradle version information cache is up-to-date. Trying to read.
2021-07-29 09:26:44,408 [Worker-3: Loading available Gradle versions] INFO  o.e.b.c.i.u.g.PublishedGradleVersions - Gradle version information cache is out-of-date. Trying to update.
